DEBUG - 2025-07-10 15:19:08 --> Session: Class initialized using 'CodeIgniter\Session\Handlers\FileHandler' driver.
DEBUG - 2025-07-10 15:19:09 --> Session: Class initialized using 'CodeIgniter\Session\Handlers\FileHandler' driver.
DEBUG - 2025-07-10 15:19:16 --> Session: Class initialized using 'CodeIgniter\Session\Handlers\FileHandler' driver.
DEBUG - 2025-07-10 15:19:18 --> Session: Class initialized using 'CodeIgniter\Session\Handlers\FileHandler' driver.
DEBUG - 2025-07-10 15:19:35 --> Session: Class initialized using 'CodeIgniter\Session\Handlers\FileHandler' driver.
DEBUG - 2025-07-10 15:23:31 --> Session: Class initialized using 'CodeIgniter\Session\Handlers\FileHandler' driver.
DEBUG - 2025-07-10 15:25:47 --> Session: Class initialized using 'CodeIgniter\Session\Handlers\FileHandler' driver.
DEBUG - 2025-07-10 15:27:44 --> Session: Class initialized using 'CodeIgniter\Session\Handlers\FileHandler' driver.
DEBUG - 2025-07-10 15:28:41 --> Session: Class initialized using 'CodeIgniter\Session\Handlers\FileHandler' driver.
DEBUG - 2025-07-10 15:28:52 --> Session: Class initialized using 'CodeIgniter\Session\Handlers\FileHandler' driver.
DEBUG - 2025-07-10 15:58:23 --> Session: Class initialized using 'CodeIgniter\Session\Handlers\FileHandler' driver.
DEBUG - 2025-07-10 15:58:23 --> Session: Class initialized using 'CodeIgniter\Session\Handlers\FileHandler' driver.
DEBUG - 2025-07-10 15:58:30 --> Session: Class initialized using 'CodeIgniter\Session\Handlers\FileHandler' driver.
DEBUG - 2025-07-10 15:58:31 --> Session: Class initialized using 'CodeIgniter\Session\Handlers\FileHandler' driver.
DEBUG - 2025-07-10 15:58:41 --> Session: Class initialized using 'CodeIgniter\Session\Handlers\FileHandler' driver.
DEBUG - 2025-07-10 15:58:46 --> Session: Class initialized using 'CodeIgniter\Session\Handlers\FileHandler' driver.
DEBUG - 2025-07-10 15:59:25 --> Session: Class initialized using 'CodeIgniter\Session\Handlers\FileHandler' driver.
DEBUG - 2025-07-10 15:59:26 --> Session: Class initialized using 'CodeIgniter\Session\Handlers\FileHandler' driver.
CRITICAL - 2025-07-10 16:01:42 --> CodeIgniter\HTTP\Exceptions\BadRequestException: The URI you submitted has disallowed characters: "Digitalisasi Usaha Jahit Ibu  Transformasi UMKM Jahit Rumahan  Melalui E-Business dan Teknologi AI (1).pptx"
[Method: GET, Route: gambar/Digitalisasi%20Usaha%20Jahit%20Ibu%20%20Transformasi%20UMKM%20Jahit%20Rumahan%20%20Melalui%20E-Business%20dan%20Teknologi%20AI%20%281%29.pptx]
in SYSTEMPATH\Router\Router.php on line 741.
 1 SYSTEMPATH\Router\Router.php(207): CodeIgniter\Router\Router->checkDisallowedChars('gambar/Digitalisasi Usaha Jahit Ibu  Transformasi UMKM Jahit Rumahan  Melalui E-Business dan Teknologi AI (1).pptx')
 2 SYSTEMPATH\CodeIgniter.php(832): CodeIgniter\Router\Router->handle('gambar/Digitalisasi Usaha Jahit Ibu  Transformasi UMKM Jahit Rumahan  Melalui E-Business dan Teknologi AI (1).pptx')
 3 SYSTEMPATH\CodeIgniter.php(455): CodeIgniter\CodeIgniter->tryToRouteIt(Object(CodeIgniter\Router\RouteCollection))
 4 SYSTEMPATH\CodeIgniter.php(354): CodeIgniter\CodeIgniter->handleRequest(null, Object(Config\Cache), false)
 5 SYSTEMPATH\Boot.php(334): CodeIgniter\CodeIgniter->run()
 6 SYSTEMPATH\Boot.php(67): CodeIgniter\Boot::runCodeIgniter(Object(CodeIgniter\CodeIgniter))
 7 FCPATH\index.php(59): CodeIgniter\Boot::bootWeb(Object(Config\Paths))
CRITICAL - 2025-07-10 16:01:42 --> CodeIgniter\HTTP\Exceptions\BadRequestException: The URI you submitted has disallowed characters: "Digitalisasi Usaha Jahit Ibu  Transformasi UMKM Jahit Rumahan  Melalui E-Business dan Teknologi AI (1).pptx"
[Method: GET, Route: gambar/Digitalisasi%20Usaha%20Jahit%20Ibu%20%20Transformasi%20UMKM%20Jahit%20Rumahan%20%20Melalui%20E-Business%20dan%20Teknologi%20AI%20%281%29.pptx]
in SYSTEMPATH\Router\Router.php on line 741.
 1 SYSTEMPATH\Router\Router.php(207): CodeIgniter\Router\Router->checkDisallowedChars('gambar/Digitalisasi Usaha Jahit Ibu  Transformasi UMKM Jahit Rumahan  Melalui E-Business dan Teknologi AI (1).pptx')
 2 SYSTEMPATH\CodeIgniter.php(832): CodeIgniter\Router\Router->handle('gambar/Digitalisasi Usaha Jahit Ibu  Transformasi UMKM Jahit Rumahan  Melalui E-Business dan Teknologi AI (1).pptx')
 3 SYSTEMPATH\CodeIgniter.php(455): CodeIgniter\CodeIgniter->tryToRouteIt(Object(CodeIgniter\Router\RouteCollection))
 4 SYSTEMPATH\CodeIgniter.php(354): CodeIgniter\CodeIgniter->handleRequest(null, Object(Config\Cache), false)
 5 SYSTEMPATH\Boot.php(334): CodeIgniter\CodeIgniter->run()
 6 SYSTEMPATH\Boot.php(67): CodeIgniter\Boot::runCodeIgniter(Object(CodeIgniter\CodeIgniter))
 7 FCPATH\index.php(59): CodeIgniter\Boot::bootWeb(Object(Config\Paths))
DEBUG - 2025-07-10 16:01:46 --> Session: Class initialized using 'CodeIgniter\Session\Handlers\FileHandler' driver.
CRITICAL - 2025-07-10 16:01:53 --> CodeIgniter\HTTP\Exceptions\BadRequestException: The URI you submitted has disallowed characters: "Digitalisasi Usaha Jahit Ibu  Transformasi UMKM Jahit Rumahan  Melalui E-Business dan Teknologi AI (1).pptx"
[Method: GET, Route: gambar/Digitalisasi%20Usaha%20Jahit%20Ibu%20%20Transformasi%20UMKM%20Jahit%20Rumahan%20%20Melalui%20E-Business%20dan%20Teknologi%20AI%20%281%29.pptx]
in SYSTEMPATH\Router\Router.php on line 741.
 1 SYSTEMPATH\Router\Router.php(207): CodeIgniter\Router\Router->checkDisallowedChars('gambar/Digitalisasi Usaha Jahit Ibu  Transformasi UMKM Jahit Rumahan  Melalui E-Business dan Teknologi AI (1).pptx')
 2 SYSTEMPATH\CodeIgniter.php(832): CodeIgniter\Router\Router->handle('gambar/Digitalisasi Usaha Jahit Ibu  Transformasi UMKM Jahit Rumahan  Melalui E-Business dan Teknologi AI (1).pptx')
 3 SYSTEMPATH\CodeIgniter.php(455): CodeIgniter\CodeIgniter->tryToRouteIt(Object(CodeIgniter\Router\RouteCollection))
 4 SYSTEMPATH\CodeIgniter.php(354): CodeIgniter\CodeIgniter->handleRequest(null, Object(Config\Cache), false)
 5 SYSTEMPATH\Boot.php(334): CodeIgniter\CodeIgniter->run()
 6 SYSTEMPATH\Boot.php(67): CodeIgniter\Boot::runCodeIgniter(Object(CodeIgniter\CodeIgniter))
 7 FCPATH\index.php(59): CodeIgniter\Boot::bootWeb(Object(Config\Paths))
CRITICAL - 2025-07-10 16:01:56 --> CodeIgniter\HTTP\Exceptions\BadRequestException: The URI you submitted has disallowed characters: "Digitalisasi Usaha Jahit Ibu  Transformasi UMKM Jahit Rumahan  Melalui E-Business dan Teknologi AI (1).pptx"
[Method: GET, Route: gambar/Digitalisasi%20Usaha%20Jahit%20Ibu%20%20Transformasi%20UMKM%20Jahit%20Rumahan%20%20Melalui%20E-Business%20dan%20Teknologi%20AI%20%281%29.pptx]
in SYSTEMPATH\Router\Router.php on line 741.
 1 SYSTEMPATH\Router\Router.php(207): CodeIgniter\Router\Router->checkDisallowedChars('gambar/Digitalisasi Usaha Jahit Ibu  Transformasi UMKM Jahit Rumahan  Melalui E-Business dan Teknologi AI (1).pptx')
 2 SYSTEMPATH\CodeIgniter.php(832): CodeIgniter\Router\Router->handle('gambar/Digitalisasi Usaha Jahit Ibu  Transformasi UMKM Jahit Rumahan  Melalui E-Business dan Teknologi AI (1).pptx')
 3 SYSTEMPATH\CodeIgniter.php(455): CodeIgniter\CodeIgniter->tryToRouteIt(Object(CodeIgniter\Router\RouteCollection))
 4 SYSTEMPATH\CodeIgniter.php(354): CodeIgniter\CodeIgniter->handleRequest(null, Object(Config\Cache), false)
 5 SYSTEMPATH\Boot.php(334): CodeIgniter\CodeIgniter->run()
 6 SYSTEMPATH\Boot.php(67): CodeIgniter\Boot::runCodeIgniter(Object(CodeIgniter\CodeIgniter))
 7 FCPATH\index.php(59): CodeIgniter\Boot::bootWeb(Object(Config\Paths))
CRITICAL - 2025-07-10 16:02:00 --> CodeIgniter\HTTP\Exceptions\BadRequestException: The URI you submitted has disallowed characters: "Digitalisasi Usaha Jahit Ibu  Transformasi UMKM Jahit Rumahan  Melalui E-Business dan Teknologi AI (1).pptx"
[Method: GET, Route: gambar/Digitalisasi%20Usaha%20Jahit%20Ibu%20%20Transformasi%20UMKM%20Jahit%20Rumahan%20%20Melalui%20E-Business%20dan%20Teknologi%20AI%20%281%29.pptx]
in SYSTEMPATH\Router\Router.php on line 741.
 1 SYSTEMPATH\Router\Router.php(207): CodeIgniter\Router\Router->checkDisallowedChars('gambar/Digitalisasi Usaha Jahit Ibu  Transformasi UMKM Jahit Rumahan  Melalui E-Business dan Teknologi AI (1).pptx')
 2 SYSTEMPATH\CodeIgniter.php(832): CodeIgniter\Router\Router->handle('gambar/Digitalisasi Usaha Jahit Ibu  Transformasi UMKM Jahit Rumahan  Melalui E-Business dan Teknologi AI (1).pptx')
 3 SYSTEMPATH\CodeIgniter.php(455): CodeIgniter\CodeIgniter->tryToRouteIt(Object(CodeIgniter\Router\RouteCollection))
 4 SYSTEMPATH\CodeIgniter.php(354): CodeIgniter\CodeIgniter->handleRequest(null, Object(Config\Cache), false)
 5 SYSTEMPATH\Boot.php(334): CodeIgniter\CodeIgniter->run()
 6 SYSTEMPATH\Boot.php(67): CodeIgniter\Boot::runCodeIgniter(Object(CodeIgniter\CodeIgniter))
 7 FCPATH\index.php(59): CodeIgniter\Boot::bootWeb(Object(Config\Paths))
CRITICAL - 2025-07-10 16:02:57 --> ErrorException: Undefined array key "nama_kategori"
[Method: GET, Route: artikel]
in APPPATH\Views\artikel\index.php on line 12.
 1 APPPATH\Views\artikel\index.php(12): CodeIgniter\Debug\Exceptions->errorHandler(2, 'Undefined array key "nama_kategori"', 'C:\\xampp\\htdocs\\lab_ci4\\ci4\\app\\Views\\artikel\\index.php', 12)
 2 SYSTEMPATH\View\View.php(224): include('C:\\xampp\\htdocs\\lab_ci4\\ci4\\app\\Views\\artikel\\index.php')
 3 SYSTEMPATH\View\View.php(227): CodeIgniter\View\View->CodeIgniter\View\{closure}()
 4 SYSTEMPATH\Common.php(1173): CodeIgniter\View\View->render('artikel/index', [], true)
 5 APPPATH\Controllers\Artikel.php(14): view('artikel/index', [...])
 6 SYSTEMPATH\CodeIgniter.php(933): App\Controllers\Artikel->index()
 7 SYSTEMPATH\CodeIgniter.php(507): CodeIgniter\CodeIgniter->runController(Object(App\Controllers\Artikel))
 8 SYSTEMPATH\CodeIgniter.php(354): CodeIgniter\CodeIgniter->handleRequest(null, Object(Config\Cache), false)
 9 SYSTEMPATH\Boot.php(334): CodeIgniter\CodeIgniter->run()
10 SYSTEMPATH\Boot.php(67): CodeIgniter\Boot::runCodeIgniter(Object(CodeIgniter\CodeIgniter))
11 FCPATH\index.php(59): CodeIgniter\Boot::bootWeb(Object(Config\Paths))
DEBUG - 2025-07-10 16:03:01 --> Session: Class initialized using 'CodeIgniter\Session\Handlers\FileHandler' driver.
CRITICAL - 2025-07-10 16:06:05 --> CodeIgniter\HTTP\Exceptions\BadRequestException: The URI you submitted has disallowed characters: "Digitalisasi Usaha Jahit Ibu  Transformasi UMKM Jahit Rumahan  Melalui E-Business dan Teknologi AI (1).pptx"
[Method: GET, Route: gambar/Digitalisasi%20Usaha%20Jahit%20Ibu%20%20Transformasi%20UMKM%20Jahit%20Rumahan%20%20Melalui%20E-Business%20dan%20Teknologi%20AI%20%281%29.pptx]
in SYSTEMPATH\Router\Router.php on line 741.
 1 SYSTEMPATH\Router\Router.php(207): CodeIgniter\Router\Router->checkDisallowedChars('gambar/Digitalisasi Usaha Jahit Ibu  Transformasi UMKM Jahit Rumahan  Melalui E-Business dan Teknologi AI (1).pptx')
 2 SYSTEMPATH\CodeIgniter.php(832): CodeIgniter\Router\Router->handle('gambar/Digitalisasi Usaha Jahit Ibu  Transformasi UMKM Jahit Rumahan  Melalui E-Business dan Teknologi AI (1).pptx')
 3 SYSTEMPATH\CodeIgniter.php(455): CodeIgniter\CodeIgniter->tryToRouteIt(Object(CodeIgniter\Router\RouteCollection))
 4 SYSTEMPATH\CodeIgniter.php(354): CodeIgniter\CodeIgniter->handleRequest(null, Object(Config\Cache), false)
 5 SYSTEMPATH\Boot.php(334): CodeIgniter\CodeIgniter->run()
 6 SYSTEMPATH\Boot.php(67): CodeIgniter\Boot::runCodeIgniter(Object(CodeIgniter\CodeIgniter))
 7 FCPATH\index.php(59): CodeIgniter\Boot::bootWeb(Object(Config\Paths))
CRITICAL - 2025-07-10 16:06:08 --> CodeIgniter\HTTP\Exceptions\BadRequestException: The URI you submitted has disallowed characters: "Digitalisasi Usaha Jahit Ibu  Transformasi UMKM Jahit Rumahan  Melalui E-Business dan Teknologi AI (1).pptx"
[Method: GET, Route: gambar/Digitalisasi%20Usaha%20Jahit%20Ibu%20%20Transformasi%20UMKM%20Jahit%20Rumahan%20%20Melalui%20E-Business%20dan%20Teknologi%20AI%20%281%29.pptx]
in SYSTEMPATH\Router\Router.php on line 741.
 1 SYSTEMPATH\Router\Router.php(207): CodeIgniter\Router\Router->checkDisallowedChars('gambar/Digitalisasi Usaha Jahit Ibu  Transformasi UMKM Jahit Rumahan  Melalui E-Business dan Teknologi AI (1).pptx')
 2 SYSTEMPATH\CodeIgniter.php(832): CodeIgniter\Router\Router->handle('gambar/Digitalisasi Usaha Jahit Ibu  Transformasi UMKM Jahit Rumahan  Melalui E-Business dan Teknologi AI (1).pptx')
 3 SYSTEMPATH\CodeIgniter.php(455): CodeIgniter\CodeIgniter->tryToRouteIt(Object(CodeIgniter\Router\RouteCollection))
 4 SYSTEMPATH\CodeIgniter.php(354): CodeIgniter\CodeIgniter->handleRequest(null, Object(Config\Cache), false)
 5 SYSTEMPATH\Boot.php(334): CodeIgniter\CodeIgniter->run()
 6 SYSTEMPATH\Boot.php(67): CodeIgniter\Boot::runCodeIgniter(Object(CodeIgniter\CodeIgniter))
 7 FCPATH\index.php(59): CodeIgniter\Boot::bootWeb(Object(Config\Paths))
CRITICAL - 2025-07-10 16:06:15 --> CodeIgniter\HTTP\Exceptions\BadRequestException: The URI you submitted has disallowed characters: "Digitalisasi Usaha Jahit Ibu  Transformasi UMKM Jahit Rumahan  Melalui E-Business dan Teknologi AI (1).pptx"
[Method: GET, Route: gambar/Digitalisasi%20Usaha%20Jahit%20Ibu%20%20Transformasi%20UMKM%20Jahit%20Rumahan%20%20Melalui%20E-Business%20dan%20Teknologi%20AI%20%281%29.pptx]
in SYSTEMPATH\Router\Router.php on line 741.
 1 SYSTEMPATH\Router\Router.php(207): CodeIgniter\Router\Router->checkDisallowedChars('gambar/Digitalisasi Usaha Jahit Ibu  Transformasi UMKM Jahit Rumahan  Melalui E-Business dan Teknologi AI (1).pptx')
 2 SYSTEMPATH\CodeIgniter.php(832): CodeIgniter\Router\Router->handle('gambar/Digitalisasi Usaha Jahit Ibu  Transformasi UMKM Jahit Rumahan  Melalui E-Business dan Teknologi AI (1).pptx')
 3 SYSTEMPATH\CodeIgniter.php(455): CodeIgniter\CodeIgniter->tryToRouteIt(Object(CodeIgniter\Router\RouteCollection))
 4 SYSTEMPATH\CodeIgniter.php(354): CodeIgniter\CodeIgniter->handleRequest(null, Object(Config\Cache), false)
 5 SYSTEMPATH\Boot.php(334): CodeIgniter\CodeIgniter->run()
 6 SYSTEMPATH\Boot.php(67): CodeIgniter\Boot::runCodeIgniter(Object(CodeIgniter\CodeIgniter))
 7 FCPATH\index.php(59): CodeIgniter\Boot::bootWeb(Object(Config\Paths))
DEBUG - 2025-07-10 16:06:22 --> Session: Class initialized using 'CodeIgniter\Session\Handlers\FileHandler' driver.
DEBUG - 2025-07-10 16:06:22 --> Session: Class initialized using 'CodeIgniter\Session\Handlers\FileHandler' driver.
CRITICAL - 2025-07-10 16:06:26 --> CodeIgniter\HTTP\Exceptions\BadRequestException: The URI you submitted has disallowed characters: "Digitalisasi Usaha Jahit Ibu  Transformasi UMKM Jahit Rumahan  Melalui E-Business dan Teknologi AI (1).pptx"
[Method: GET, Route: gambar/Digitalisasi%20Usaha%20Jahit%20Ibu%20%20Transformasi%20UMKM%20Jahit%20Rumahan%20%20Melalui%20E-Business%20dan%20Teknologi%20AI%20%281%29.pptx]
in SYSTEMPATH\Router\Router.php on line 741.
 1 SYSTEMPATH\Router\Router.php(207): CodeIgniter\Router\Router->checkDisallowedChars('gambar/Digitalisasi Usaha Jahit Ibu  Transformasi UMKM Jahit Rumahan  Melalui E-Business dan Teknologi AI (1).pptx')
 2 SYSTEMPATH\CodeIgniter.php(832): CodeIgniter\Router\Router->handle('gambar/Digitalisasi Usaha Jahit Ibu  Transformasi UMKM Jahit Rumahan  Melalui E-Business dan Teknologi AI (1).pptx')
 3 SYSTEMPATH\CodeIgniter.php(455): CodeIgniter\CodeIgniter->tryToRouteIt(Object(CodeIgniter\Router\RouteCollection))
 4 SYSTEMPATH\CodeIgniter.php(354): CodeIgniter\CodeIgniter->handleRequest(null, Object(Config\Cache), false)
 5 SYSTEMPATH\Boot.php(334): CodeIgniter\CodeIgniter->run()
 6 SYSTEMPATH\Boot.php(67): CodeIgniter\Boot::runCodeIgniter(Object(CodeIgniter\CodeIgniter))
 7 FCPATH\index.php(59): CodeIgniter\Boot::bootWeb(Object(Config\Paths))
DEBUG - 2025-07-10 16:06:29 --> Session: Class initialized using 'CodeIgniter\Session\Handlers\FileHandler' driver.
DEBUG - 2025-07-10 16:06:33 --> Session: Class initialized using 'CodeIgniter\Session\Handlers\FileHandler' driver.
DEBUG - 2025-07-10 16:06:34 --> Session: Class initialized using 'CodeIgniter\Session\Handlers\FileHandler' driver.
DEBUG - 2025-07-10 16:12:06 --> Session: Class initialized using 'CodeIgniter\Session\Handlers\FileHandler' driver.
CRITICAL - 2025-07-10 16:12:06 --> ErrorException: Undefined variable $keyword
[Method: GET, Route: admin/artikel]
in APPPATH\Views\artikel\admin_index.php on line 63.
 1 APPPATH\Views\artikel\admin_index.php(63): CodeIgniter\Debug\Exceptions->errorHandler(2, 'Undefined variable $keyword', 'C:\\xampp\\htdocs\\lab_ci4\\ci4\\app\\Views\\artikel\\admin_index.php', 63)
 2 SYSTEMPATH\View\View.php(224): include('C:\\xampp\\htdocs\\lab_ci4\\ci4\\app\\Views\\artikel\\admin_index.php')
 3 SYSTEMPATH\View\View.php(227): CodeIgniter\View\View->CodeIgniter\View\{closure}()
 4 SYSTEMPATH\Common.php(1173): CodeIgniter\View\View->render('artikel/admin_index', [], true)
 5 APPPATH\Controllers\Artikel.php(113): view('artikel/admin_index', [...])
 6 SYSTEMPATH\CodeIgniter.php(933): App\Controllers\Artikel->admin_index()
 7 SYSTEMPATH\CodeIgniter.php(507): CodeIgniter\CodeIgniter->runController(Object(App\Controllers\Artikel))
 8 SYSTEMPATH\CodeIgniter.php(354): CodeIgniter\CodeIgniter->handleRequest(null, Object(Config\Cache), false)
 9 SYSTEMPATH\Boot.php(334): CodeIgniter\CodeIgniter->run()
10 SYSTEMPATH\Boot.php(67): CodeIgniter\Boot::runCodeIgniter(Object(CodeIgniter\CodeIgniter))
11 FCPATH\index.php(59): CodeIgniter\Boot::bootWeb(Object(Config\Paths))
DEBUG - 2025-07-10 16:13:02 --> Session: Class initialized using 'CodeIgniter\Session\Handlers\FileHandler' driver.
CRITICAL - 2025-07-10 16:13:07 --> CodeIgniter\HTTP\Exceptions\BadRequestException: The URI you submitted has disallowed characters: "Digitalisasi Usaha Jahit Ibu  Transformasi UMKM Jahit Rumahan  Melalui E-Business dan Teknologi AI (1).pptx"
[Method: GET, Route: gambar/Digitalisasi%20Usaha%20Jahit%20Ibu%20%20Transformasi%20UMKM%20Jahit%20Rumahan%20%20Melalui%20E-Business%20dan%20Teknologi%20AI%20%281%29.pptx]
in SYSTEMPATH\Router\Router.php on line 741.
 1 SYSTEMPATH\Router\Router.php(207): CodeIgniter\Router\Router->checkDisallowedChars('gambar/Digitalisasi Usaha Jahit Ibu  Transformasi UMKM Jahit Rumahan  Melalui E-Business dan Teknologi AI (1).pptx')
 2 SYSTEMPATH\CodeIgniter.php(832): CodeIgniter\Router\Router->handle('gambar/Digitalisasi Usaha Jahit Ibu  Transformasi UMKM Jahit Rumahan  Melalui E-Business dan Teknologi AI (1).pptx')
 3 SYSTEMPATH\CodeIgniter.php(455): CodeIgniter\CodeIgniter->tryToRouteIt(Object(CodeIgniter\Router\RouteCollection))
 4 SYSTEMPATH\CodeIgniter.php(354): CodeIgniter\CodeIgniter->handleRequest(null, Object(Config\Cache), false)
 5 SYSTEMPATH\Boot.php(334): CodeIgniter\CodeIgniter->run()
 6 SYSTEMPATH\Boot.php(67): CodeIgniter\Boot::runCodeIgniter(Object(CodeIgniter\CodeIgniter))
 7 FCPATH\index.php(59): CodeIgniter\Boot::bootWeb(Object(Config\Paths))
DEBUG - 2025-07-10 16:13:11 --> Session: Class initialized using 'CodeIgniter\Session\Handlers\FileHandler' driver.
DEBUG - 2025-07-10 16:13:18 --> Session: Class initialized using 'CodeIgniter\Session\Handlers\FileHandler' driver.
DEBUG - 2025-07-10 16:13:23 --> Session: Class initialized using 'CodeIgniter\Session\Handlers\FileHandler' driver.
DEBUG - 2025-07-10 16:15:17 --> Session: Class initialized using 'CodeIgniter\Session\Handlers\FileHandler' driver.
DEBUG - 2025-07-10 16:15:19 --> Session: Class initialized using 'CodeIgniter\Session\Handlers\FileHandler' driver.
DEBUG - 2025-07-10 16:15:23 --> Session: Class initialized using 'CodeIgniter\Session\Handlers\FileHandler' driver.
DEBUG - 2025-07-10 16:15:27 --> Session: Class initialized using 'CodeIgniter\Session\Handlers\FileHandler' driver.
DEBUG - 2025-07-10 16:15:31 --> Session: Class initialized using 'CodeIgniter\Session\Handlers\FileHandler' driver.
CRITICAL - 2025-07-10 16:15:36 --> CodeIgniter\HTTP\Exceptions\BadRequestException: The URI you submitted has disallowed characters: "Digitalisasi Usaha Jahit Ibu  Transformasi UMKM Jahit Rumahan  Melalui E-Business dan Teknologi AI (1).pptx"
[Method: GET, Route: gambar/Digitalisasi%20Usaha%20Jahit%20Ibu%20%20Transformasi%20UMKM%20Jahit%20Rumahan%20%20Melalui%20E-Business%20dan%20Teknologi%20AI%20%281%29.pptx]
in SYSTEMPATH\Router\Router.php on line 741.
 1 SYSTEMPATH\Router\Router.php(207): CodeIgniter\Router\Router->checkDisallowedChars('gambar/Digitalisasi Usaha Jahit Ibu  Transformasi UMKM Jahit Rumahan  Melalui E-Business dan Teknologi AI (1).pptx')
 2 SYSTEMPATH\CodeIgniter.php(832): CodeIgniter\Router\Router->handle('gambar/Digitalisasi Usaha Jahit Ibu  Transformasi UMKM Jahit Rumahan  Melalui E-Business dan Teknologi AI (1).pptx')
 3 SYSTEMPATH\CodeIgniter.php(455): CodeIgniter\CodeIgniter->tryToRouteIt(Object(CodeIgniter\Router\RouteCollection))
 4 SYSTEMPATH\CodeIgniter.php(354): CodeIgniter\CodeIgniter->handleRequest(null, Object(Config\Cache), false)
 5 SYSTEMPATH\Boot.php(334): CodeIgniter\CodeIgniter->run()
 6 SYSTEMPATH\Boot.php(67): CodeIgniter\Boot::runCodeIgniter(Object(CodeIgniter\CodeIgniter))
 7 FCPATH\index.php(59): CodeIgniter\Boot::bootWeb(Object(Config\Paths))
DEBUG - 2025-07-10 16:15:37 --> Session: Class initialized using 'CodeIgniter\Session\Handlers\FileHandler' driver.
CRITICAL - 2025-07-10 16:16:00 --> CodeIgniter\HTTP\Exceptions\BadRequestException: The URI you submitted has disallowed characters: "Digitalisasi Usaha Jahit Ibu  Transformasi UMKM Jahit Rumahan  Melalui E-Business dan Teknologi AI (1).pptx"
[Method: GET, Route: uploads/Digitalisasi%20Usaha%20Jahit%20Ibu%20%20Transformasi%20UMKM%20Jahit%20Rumahan%20%20Melalui%20E-Business%20dan%20Teknologi%20AI%20%281%29.pptx]
in SYSTEMPATH\Router\Router.php on line 741.
 1 SYSTEMPATH\Router\Router.php(207): CodeIgniter\Router\Router->checkDisallowedChars('uploads/Digitalisasi Usaha Jahit Ibu  Transformasi UMKM Jahit Rumahan  Melalui E-Business dan Teknologi AI (1).pptx')
 2 SYSTEMPATH\CodeIgniter.php(832): CodeIgniter\Router\Router->handle('uploads/Digitalisasi Usaha Jahit Ibu  Transformasi UMKM Jahit Rumahan  Melalui E-Business dan Teknologi AI (1).pptx')
 3 SYSTEMPATH\CodeIgniter.php(455): CodeIgniter\CodeIgniter->tryToRouteIt(Object(CodeIgniter\Router\RouteCollection))
 4 SYSTEMPATH\CodeIgniter.php(354): CodeIgniter\CodeIgniter->handleRequest(null, Object(Config\Cache), false)
 5 SYSTEMPATH\Boot.php(334): CodeIgniter\CodeIgniter->run()
 6 SYSTEMPATH\Boot.php(67): CodeIgniter\Boot::runCodeIgniter(Object(CodeIgniter\CodeIgniter))
 7 FCPATH\index.php(59): CodeIgniter\Boot::bootWeb(Object(Config\Paths))
DEBUG - 2025-07-10 16:17:05 --> Session: Class initialized using 'CodeIgniter\Session\Handlers\FileHandler' driver.
DEBUG - 2025-07-10 16:17:37 --> Session: Class initialized using 'CodeIgniter\Session\Handlers\FileHandler' driver.
DEBUG - 2025-07-10 16:17:46 --> Session: Class initialized using 'CodeIgniter\Session\Handlers\FileHandler' driver.
DEBUG - 2025-07-10 16:17:48 --> Session: Class initialized using 'CodeIgniter\Session\Handlers\FileHandler' driver.
DEBUG - 2025-07-10 16:18:42 --> Session: Class initialized using 'CodeIgniter\Session\Handlers\FileHandler' driver.
CRITICAL - 2025-07-10 16:18:42 --> ErrorException: Undefined variable $keyword
[Method: GET, Route: admin/artikel]
in APPPATH\Views\artikel\admin_index.php on line 63.
 1 APPPATH\Views\artikel\admin_index.php(63): CodeIgniter\Debug\Exceptions->errorHandler(2, 'Undefined variable $keyword', 'C:\\xampp\\htdocs\\lab_ci4\\ci4\\app\\Views\\artikel\\admin_index.php', 63)
 2 SYSTEMPATH\View\View.php(224): include('C:\\xampp\\htdocs\\lab_ci4\\ci4\\app\\Views\\artikel\\admin_index.php')
 3 SYSTEMPATH\View\View.php(227): CodeIgniter\View\View->CodeIgniter\View\{closure}()
 4 SYSTEMPATH\Common.php(1173): CodeIgniter\View\View->render('artikel/admin_index', [], true)
 5 APPPATH\Controllers\Artikel.php(113): view('artikel/admin_index', [...])
 6 SYSTEMPATH\CodeIgniter.php(933): App\Controllers\Artikel->admin_index()
 7 SYSTEMPATH\CodeIgniter.php(507): CodeIgniter\CodeIgniter->runController(Object(App\Controllers\Artikel))
 8 SYSTEMPATH\CodeIgniter.php(354): CodeIgniter\CodeIgniter->handleRequest(null, Object(Config\Cache), false)
 9 SYSTEMPATH\Boot.php(334): CodeIgniter\CodeIgniter->run()
10 SYSTEMPATH\Boot.php(67): CodeIgniter\Boot::runCodeIgniter(Object(CodeIgniter\CodeIgniter))
11 FCPATH\index.php(59): CodeIgniter\Boot::bootWeb(Object(Config\Paths))
DEBUG - 2025-07-10 16:21:59 --> Session: Class initialized using 'CodeIgniter\Session\Handlers\FileHandler' driver.
CRITICAL - 2025-07-10 16:21:59 --> ErrorException: Undefined variable $keyword
[Method: GET, Route: admin/artikel]
in APPPATH\Views\artikel\admin_index.php on line 63.
 1 APPPATH\Views\artikel\admin_index.php(63): CodeIgniter\Debug\Exceptions->errorHandler(2, 'Undefined variable $keyword', 'C:\\xampp\\htdocs\\lab_ci4\\ci4\\app\\Views\\artikel\\admin_index.php', 63)
 2 SYSTEMPATH\View\View.php(224): include('C:\\xampp\\htdocs\\lab_ci4\\ci4\\app\\Views\\artikel\\admin_index.php')
 3 SYSTEMPATH\View\View.php(227): CodeIgniter\View\View->CodeIgniter\View\{closure}()
 4 SYSTEMPATH\Common.php(1173): CodeIgniter\View\View->render('artikel/admin_index', [], true)
 5 APPPATH\Controllers\Artikel.php(114): view('artikel/admin_index', [...])
 6 SYSTEMPATH\CodeIgniter.php(933): App\Controllers\Artikel->admin_index()
 7 SYSTEMPATH\CodeIgniter.php(507): CodeIgniter\CodeIgniter->runController(Object(App\Controllers\Artikel))
 8 SYSTEMPATH\CodeIgniter.php(354): CodeIgniter\CodeIgniter->handleRequest(null, Object(Config\Cache), false)
 9 SYSTEMPATH\Boot.php(334): CodeIgniter\CodeIgniter->run()
10 SYSTEMPATH\Boot.php(67): CodeIgniter\Boot::runCodeIgniter(Object(CodeIgniter\CodeIgniter))
11 FCPATH\index.php(59): CodeIgniter\Boot::bootWeb(Object(Config\Paths))
DEBUG - 2025-07-10 16:22:51 --> Session: Class initialized using 'CodeIgniter\Session\Handlers\FileHandler' driver.
CRITICAL - 2025-07-10 16:22:52 --> ErrorException: Undefined variable $keyword
[Method: GET, Route: admin/artikel]
in APPPATH\Views\artikel\admin_index.php on line 63.
 1 APPPATH\Views\artikel\admin_index.php(63): CodeIgniter\Debug\Exceptions->errorHandler(2, 'Undefined variable $keyword', 'C:\\xampp\\htdocs\\lab_ci4\\ci4\\app\\Views\\artikel\\admin_index.php', 63)
 2 SYSTEMPATH\View\View.php(224): include('C:\\xampp\\htdocs\\lab_ci4\\ci4\\app\\Views\\artikel\\admin_index.php')
 3 SYSTEMPATH\View\View.php(227): CodeIgniter\View\View->CodeIgniter\View\{closure}()
 4 SYSTEMPATH\Common.php(1173): CodeIgniter\View\View->render('artikel/admin_index', [], true)
 5 APPPATH\Controllers\Artikel.php(115): view('artikel/admin_index', [...])
 6 SYSTEMPATH\CodeIgniter.php(933): App\Controllers\Artikel->admin_index()
 7 SYSTEMPATH\CodeIgniter.php(507): CodeIgniter\CodeIgniter->runController(Object(App\Controllers\Artikel))
 8 SYSTEMPATH\CodeIgniter.php(354): CodeIgniter\CodeIgniter->handleRequest(null, Object(Config\Cache), false)
 9 SYSTEMPATH\Boot.php(334): CodeIgniter\CodeIgniter->run()
10 SYSTEMPATH\Boot.php(67): CodeIgniter\Boot::runCodeIgniter(Object(CodeIgniter\CodeIgniter))
11 FCPATH\index.php(59): CodeIgniter\Boot::bootWeb(Object(Config\Paths))
DEBUG - 2025-07-10 16:22:57 --> Session: Class initialized using 'CodeIgniter\Session\Handlers\FileHandler' driver.
CRITICAL - 2025-07-10 16:22:57 --> ErrorException: Undefined variable $keyword
[Method: GET, Route: admin/artikel]
in APPPATH\Views\artikel\admin_index.php on line 63.
 1 APPPATH\Views\artikel\admin_index.php(63): CodeIgniter\Debug\Exceptions->errorHandler(2, 'Undefined variable $keyword', 'C:\\xampp\\htdocs\\lab_ci4\\ci4\\app\\Views\\artikel\\admin_index.php', 63)
 2 SYSTEMPATH\View\View.php(224): include('C:\\xampp\\htdocs\\lab_ci4\\ci4\\app\\Views\\artikel\\admin_index.php')
 3 SYSTEMPATH\View\View.php(227): CodeIgniter\View\View->CodeIgniter\View\{closure}()
 4 SYSTEMPATH\Common.php(1173): CodeIgniter\View\View->render('artikel/admin_index', [], true)
 5 APPPATH\Controllers\Artikel.php(115): view('artikel/admin_index', [...])
 6 SYSTEMPATH\CodeIgniter.php(933): App\Controllers\Artikel->admin_index()
 7 SYSTEMPATH\CodeIgniter.php(507): CodeIgniter\CodeIgniter->runController(Object(App\Controllers\Artikel))
 8 SYSTEMPATH\CodeIgniter.php(354): CodeIgniter\CodeIgniter->handleRequest(null, Object(Config\Cache), false)
 9 SYSTEMPATH\Boot.php(334): CodeIgniter\CodeIgniter->run()
10 SYSTEMPATH\Boot.php(67): CodeIgniter\Boot::runCodeIgniter(Object(CodeIgniter\CodeIgniter))
11 FCPATH\index.php(59): CodeIgniter\Boot::bootWeb(Object(Config\Paths))
DEBUG - 2025-07-10 16:24:46 --> Session: Class initialized using 'CodeIgniter\Session\Handlers\FileHandler' driver.
DEBUG - 2025-07-10 16:24:55 --> Session: Class initialized using 'CodeIgniter\Session\Handlers\FileHandler' driver.
DEBUG - 2025-07-10 16:25:03 --> Session: Class initialized using 'CodeIgniter\Session\Handlers\FileHandler' driver.
DEBUG - 2025-07-10 16:25:04 --> Session: Class initialized using 'CodeIgniter\Session\Handlers\FileHandler' driver.
DEBUG - 2025-07-10 16:25:21 --> Session: Class initialized using 'CodeIgniter\Session\Handlers\FileHandler' driver.
DEBUG - 2025-07-10 16:25:26 --> Session: Class initialized using 'CodeIgniter\Session\Handlers\FileHandler' driver.
DEBUG - 2025-07-10 16:26:29 --> Session: Class initialized using 'CodeIgniter\Session\Handlers\FileHandler' driver.
DEBUG - 2025-07-10 16:26:30 --> Session: Class initialized using 'CodeIgniter\Session\Handlers\FileHandler' driver.
DEBUG - 2025-07-10 16:27:14 --> Session: Class initialized using 'CodeIgniter\Session\Handlers\FileHandler' driver.
CRITICAL - 2025-07-10 16:27:15 --> CodeIgniter\HTTP\Exceptions\BadRequestException: The URI you submitted has disallowed characters: "Digitalisasi Usaha Jahit Ibu  Transformasi UMKM Jahit Rumahan  Melalui E-Business dan Teknologi AI (1).pptx"
[Method: GET, Route: uploads/Digitalisasi%20Usaha%20Jahit%20Ibu%20%20Transformasi%20UMKM%20Jahit%20Rumahan%20%20Melalui%20E-Business%20dan%20Teknologi%20AI%20%281%29.pptx]
in SYSTEMPATH\Router\Router.php on line 741.
 1 SYSTEMPATH\Router\Router.php(207): CodeIgniter\Router\Router->checkDisallowedChars('uploads/Digitalisasi Usaha Jahit Ibu  Transformasi UMKM Jahit Rumahan  Melalui E-Business dan Teknologi AI (1).pptx')
 2 SYSTEMPATH\CodeIgniter.php(832): CodeIgniter\Router\Router->handle('uploads/Digitalisasi Usaha Jahit Ibu  Transformasi UMKM Jahit Rumahan  Melalui E-Business dan Teknologi AI (1).pptx')
 3 SYSTEMPATH\CodeIgniter.php(455): CodeIgniter\CodeIgniter->tryToRouteIt(Object(CodeIgniter\Router\RouteCollection))
 4 SYSTEMPATH\CodeIgniter.php(354): CodeIgniter\CodeIgniter->handleRequest(null, Object(Config\Cache), false)
 5 SYSTEMPATH\Boot.php(334): CodeIgniter\CodeIgniter->run()
 6 SYSTEMPATH\Boot.php(67): CodeIgniter\Boot::runCodeIgniter(Object(CodeIgniter\CodeIgniter))
 7 FCPATH\index.php(59): CodeIgniter\Boot::bootWeb(Object(Config\Paths))
CRITICAL - 2025-07-10 16:27:15 --> CodeIgniter\HTTP\Exceptions\BadRequestException: The URI you submitted has disallowed characters: "Digitalisasi Usaha Jahit Ibu  Transformasi UMKM Jahit Rumahan  Melalui E-Business dan Teknologi AI (1).pptx"
[Method: GET, Route: uploads/Digitalisasi%20Usaha%20Jahit%20Ibu%20%20Transformasi%20UMKM%20Jahit%20Rumahan%20%20Melalui%20E-Business%20dan%20Teknologi%20AI%20%281%29.pptx]
in SYSTEMPATH\Router\Router.php on line 741.
 1 SYSTEMPATH\Router\Router.php(207): CodeIgniter\Router\Router->checkDisallowedChars('uploads/Digitalisasi Usaha Jahit Ibu  Transformasi UMKM Jahit Rumahan  Melalui E-Business dan Teknologi AI (1).pptx')
 2 SYSTEMPATH\CodeIgniter.php(832): CodeIgniter\Router\Router->handle('uploads/Digitalisasi Usaha Jahit Ibu  Transformasi UMKM Jahit Rumahan  Melalui E-Business dan Teknologi AI (1).pptx')
 3 SYSTEMPATH\CodeIgniter.php(455): CodeIgniter\CodeIgniter->tryToRouteIt(Object(CodeIgniter\Router\RouteCollection))
 4 SYSTEMPATH\CodeIgniter.php(354): CodeIgniter\CodeIgniter->handleRequest(null, Object(Config\Cache), false)
 5 SYSTEMPATH\Boot.php(334): CodeIgniter\CodeIgniter->run()
 6 SYSTEMPATH\Boot.php(67): CodeIgniter\Boot::runCodeIgniter(Object(CodeIgniter\CodeIgniter))
 7 FCPATH\index.php(59): CodeIgniter\Boot::bootWeb(Object(Config\Paths))
DEBUG - 2025-07-10 16:28:18 --> Session: Class initialized using 'CodeIgniter\Session\Handlers\FileHandler' driver.
CRITICAL - 2025-07-10 16:28:20 --> CodeIgniter\HTTP\Exceptions\BadRequestException: The URI you submitted has disallowed characters: "Digitalisasi Usaha Jahit Ibu  Transformasi UMKM Jahit Rumahan  Melalui E-Business dan Teknologi AI (1).pptx"
[Method: GET, Route: uploads/Digitalisasi%20Usaha%20Jahit%20Ibu%20%20Transformasi%20UMKM%20Jahit%20Rumahan%20%20Melalui%20E-Business%20dan%20Teknologi%20AI%20%281%29.pptx]
in SYSTEMPATH\Router\Router.php on line 741.
 1 SYSTEMPATH\Router\Router.php(207): CodeIgniter\Router\Router->checkDisallowedChars('uploads/Digitalisasi Usaha Jahit Ibu  Transformasi UMKM Jahit Rumahan  Melalui E-Business dan Teknologi AI (1).pptx')
 2 SYSTEMPATH\CodeIgniter.php(832): CodeIgniter\Router\Router->handle('uploads/Digitalisasi Usaha Jahit Ibu  Transformasi UMKM Jahit Rumahan  Melalui E-Business dan Teknologi AI (1).pptx')
 3 SYSTEMPATH\CodeIgniter.php(455): CodeIgniter\CodeIgniter->tryToRouteIt(Object(CodeIgniter\Router\RouteCollection))
 4 SYSTEMPATH\CodeIgniter.php(354): CodeIgniter\CodeIgniter->handleRequest(null, Object(Config\Cache), false)
 5 SYSTEMPATH\Boot.php(334): CodeIgniter\CodeIgniter->run()
 6 SYSTEMPATH\Boot.php(67): CodeIgniter\Boot::runCodeIgniter(Object(CodeIgniter\CodeIgniter))
 7 FCPATH\index.php(59): CodeIgniter\Boot::bootWeb(Object(Config\Paths))
DEBUG - 2025-07-10 16:30:12 --> Session: Class initialized using 'CodeIgniter\Session\Handlers\FileHandler' driver.
CRITICAL - 2025-07-10 16:30:13 --> CodeIgniter\HTTP\Exceptions\BadRequestException: The URI you submitted has disallowed characters: "Digitalisasi Usaha Jahit Ibu  Transformasi UMKM Jahit Rumahan  Melalui E-Business dan Teknologi AI (1).pptx"
[Method: GET, Route: uploads/Digitalisasi%20Usaha%20Jahit%20Ibu%20%20Transformasi%20UMKM%20Jahit%20Rumahan%20%20Melalui%20E-Business%20dan%20Teknologi%20AI%20%281%29.pptx]
in SYSTEMPATH\Router\Router.php on line 741.
 1 SYSTEMPATH\Router\Router.php(207): CodeIgniter\Router\Router->checkDisallowedChars('uploads/Digitalisasi Usaha Jahit Ibu  Transformasi UMKM Jahit Rumahan  Melalui E-Business dan Teknologi AI (1).pptx')
 2 SYSTEMPATH\CodeIgniter.php(832): CodeIgniter\Router\Router->handle('uploads/Digitalisasi Usaha Jahit Ibu  Transformasi UMKM Jahit Rumahan  Melalui E-Business dan Teknologi AI (1).pptx')
 3 SYSTEMPATH\CodeIgniter.php(455): CodeIgniter\CodeIgniter->tryToRouteIt(Object(CodeIgniter\Router\RouteCollection))
 4 SYSTEMPATH\CodeIgniter.php(354): CodeIgniter\CodeIgniter->handleRequest(null, Object(Config\Cache), false)
 5 SYSTEMPATH\Boot.php(334): CodeIgniter\CodeIgniter->run()
 6 SYSTEMPATH\Boot.php(67): CodeIgniter\Boot::runCodeIgniter(Object(CodeIgniter\CodeIgniter))
 7 FCPATH\index.php(59): CodeIgniter\Boot::bootWeb(Object(Config\Paths))
DEBUG - 2025-07-10 16:30:24 --> Session: Class initialized using 'CodeIgniter\Session\Handlers\FileHandler' driver.
CRITICAL - 2025-07-10 16:30:26 --> CodeIgniter\HTTP\Exceptions\BadRequestException: The URI you submitted has disallowed characters: "Digitalisasi Usaha Jahit Ibu  Transformasi UMKM Jahit Rumahan  Melalui E-Business dan Teknologi AI (1).pptx"
[Method: GET, Route: uploads/Digitalisasi%20Usaha%20Jahit%20Ibu%20%20Transformasi%20UMKM%20Jahit%20Rumahan%20%20Melalui%20E-Business%20dan%20Teknologi%20AI%20%281%29.pptx]
in SYSTEMPATH\Router\Router.php on line 741.
 1 SYSTEMPATH\Router\Router.php(207): CodeIgniter\Router\Router->checkDisallowedChars('uploads/Digitalisasi Usaha Jahit Ibu  Transformasi UMKM Jahit Rumahan  Melalui E-Business dan Teknologi AI (1).pptx')
 2 SYSTEMPATH\CodeIgniter.php(832): CodeIgniter\Router\Router->handle('uploads/Digitalisasi Usaha Jahit Ibu  Transformasi UMKM Jahit Rumahan  Melalui E-Business dan Teknologi AI (1).pptx')
 3 SYSTEMPATH\CodeIgniter.php(455): CodeIgniter\CodeIgniter->tryToRouteIt(Object(CodeIgniter\Router\RouteCollection))
 4 SYSTEMPATH\CodeIgniter.php(354): CodeIgniter\CodeIgniter->handleRequest(null, Object(Config\Cache), false)
 5 SYSTEMPATH\Boot.php(334): CodeIgniter\CodeIgniter->run()
 6 SYSTEMPATH\Boot.php(67): CodeIgniter\Boot::runCodeIgniter(Object(CodeIgniter\CodeIgniter))
 7 FCPATH\index.php(59): CodeIgniter\Boot::bootWeb(Object(Config\Paths))
DEBUG - 2025-07-10 16:30:41 --> Session: Class initialized using 'CodeIgniter\Session\Handlers\FileHandler' driver.
DEBUG - 2025-07-10 16:30:44 --> Session: Class initialized using 'CodeIgniter\Session\Handlers\FileHandler' driver.
CRITICAL - 2025-07-10 16:30:46 --> CodeIgniter\HTTP\Exceptions\BadRequestException: The URI you submitted has disallowed characters: "Digitalisasi Usaha Jahit Ibu  Transformasi UMKM Jahit Rumahan  Melalui E-Business dan Teknologi AI (1).pptx"
[Method: GET, Route: uploads/Digitalisasi%20Usaha%20Jahit%20Ibu%20%20Transformasi%20UMKM%20Jahit%20Rumahan%20%20Melalui%20E-Business%20dan%20Teknologi%20AI%20%281%29.pptx]
in SYSTEMPATH\Router\Router.php on line 741.
 1 SYSTEMPATH\Router\Router.php(207): CodeIgniter\Router\Router->checkDisallowedChars('uploads/Digitalisasi Usaha Jahit Ibu  Transformasi UMKM Jahit Rumahan  Melalui E-Business dan Teknologi AI (1).pptx')
 2 SYSTEMPATH\CodeIgniter.php(832): CodeIgniter\Router\Router->handle('uploads/Digitalisasi Usaha Jahit Ibu  Transformasi UMKM Jahit Rumahan  Melalui E-Business dan Teknologi AI (1).pptx')
 3 SYSTEMPATH\CodeIgniter.php(455): CodeIgniter\CodeIgniter->tryToRouteIt(Object(CodeIgniter\Router\RouteCollection))
 4 SYSTEMPATH\CodeIgniter.php(354): CodeIgniter\CodeIgniter->handleRequest(null, Object(Config\Cache), false)
 5 SYSTEMPATH\Boot.php(334): CodeIgniter\CodeIgniter->run()
 6 SYSTEMPATH\Boot.php(67): CodeIgniter\Boot::runCodeIgniter(Object(CodeIgniter\CodeIgniter))
 7 FCPATH\index.php(59): CodeIgniter\Boot::bootWeb(Object(Config\Paths))
DEBUG - 2025-07-10 16:30:51 --> Session: Class initialized using 'CodeIgniter\Session\Handlers\FileHandler' driver.
DEBUG - 2025-07-10 16:30:54 --> Session: Class initialized using 'CodeIgniter\Session\Handlers\FileHandler' driver.
CRITICAL - 2025-07-10 16:30:56 --> CodeIgniter\HTTP\Exceptions\BadRequestException: The URI you submitted has disallowed characters: "Digitalisasi Usaha Jahit Ibu  Transformasi UMKM Jahit Rumahan  Melalui E-Business dan Teknologi AI (1).pptx"
[Method: GET, Route: uploads/Digitalisasi%20Usaha%20Jahit%20Ibu%20%20Transformasi%20UMKM%20Jahit%20Rumahan%20%20Melalui%20E-Business%20dan%20Teknologi%20AI%20%281%29.pptx]
in SYSTEMPATH\Router\Router.php on line 741.
 1 SYSTEMPATH\Router\Router.php(207): CodeIgniter\Router\Router->checkDisallowedChars('uploads/Digitalisasi Usaha Jahit Ibu  Transformasi UMKM Jahit Rumahan  Melalui E-Business dan Teknologi AI (1).pptx')
 2 SYSTEMPATH\CodeIgniter.php(832): CodeIgniter\Router\Router->handle('uploads/Digitalisasi Usaha Jahit Ibu  Transformasi UMKM Jahit Rumahan  Melalui E-Business dan Teknologi AI (1).pptx')
 3 SYSTEMPATH\CodeIgniter.php(455): CodeIgniter\CodeIgniter->tryToRouteIt(Object(CodeIgniter\Router\RouteCollection))
 4 SYSTEMPATH\CodeIgniter.php(354): CodeIgniter\CodeIgniter->handleRequest(null, Object(Config\Cache), false)
 5 SYSTEMPATH\Boot.php(334): CodeIgniter\CodeIgniter->run()
 6 SYSTEMPATH\Boot.php(67): CodeIgniter\Boot::runCodeIgniter(Object(CodeIgniter\CodeIgniter))
 7 FCPATH\index.php(59): CodeIgniter\Boot::bootWeb(Object(Config\Paths))
DEBUG - 2025-07-10 16:31:02 --> Session: Class initialized using 'CodeIgniter\Session\Handlers\FileHandler' driver.
DEBUG - 2025-07-10 16:31:05 --> Session: Class initialized using 'CodeIgniter\Session\Handlers\FileHandler' driver.
CRITICAL - 2025-07-10 16:31:06 --> CodeIgniter\HTTP\Exceptions\BadRequestException: The URI you submitted has disallowed characters: "Digitalisasi Usaha Jahit Ibu  Transformasi UMKM Jahit Rumahan  Melalui E-Business dan Teknologi AI (1).pptx"
[Method: GET, Route: uploads/Digitalisasi%20Usaha%20Jahit%20Ibu%20%20Transformasi%20UMKM%20Jahit%20Rumahan%20%20Melalui%20E-Business%20dan%20Teknologi%20AI%20%281%29.pptx]
in SYSTEMPATH\Router\Router.php on line 741.
 1 SYSTEMPATH\Router\Router.php(207): CodeIgniter\Router\Router->checkDisallowedChars('uploads/Digitalisasi Usaha Jahit Ibu  Transformasi UMKM Jahit Rumahan  Melalui E-Business dan Teknologi AI (1).pptx')
 2 SYSTEMPATH\CodeIgniter.php(832): CodeIgniter\Router\Router->handle('uploads/Digitalisasi Usaha Jahit Ibu  Transformasi UMKM Jahit Rumahan  Melalui E-Business dan Teknologi AI (1).pptx')
 3 SYSTEMPATH\CodeIgniter.php(455): CodeIgniter\CodeIgniter->tryToRouteIt(Object(CodeIgniter\Router\RouteCollection))
 4 SYSTEMPATH\CodeIgniter.php(354): CodeIgniter\CodeIgniter->handleRequest(null, Object(Config\Cache), false)
 5 SYSTEMPATH\Boot.php(334): CodeIgniter\CodeIgniter->run()
 6 SYSTEMPATH\Boot.php(67): CodeIgniter\Boot::runCodeIgniter(Object(CodeIgniter\CodeIgniter))
 7 FCPATH\index.php(59): CodeIgniter\Boot::bootWeb(Object(Config\Paths))
CRITICAL - 2025-07-10 16:32:06 --> CodeIgniter\HTTP\Exceptions\BadRequestException: The URI you submitted has disallowed characters: "Digitalisasi Usaha Jahit Ibu  Transformasi UMKM Jahit Rumahan  Melalui E-Business dan Teknologi AI (1).pptx"
[Method: GET, Route: uploads/Digitalisasi%20Usaha%20Jahit%20Ibu%20%20Transformasi%20UMKM%20Jahit%20Rumahan%20%20Melalui%20E-Business%20dan%20Teknologi%20AI%20%281%29.pptx]
in SYSTEMPATH\Router\Router.php on line 741.
 1 SYSTEMPATH\Router\Router.php(207): CodeIgniter\Router\Router->checkDisallowedChars('uploads/Digitalisasi Usaha Jahit Ibu  Transformasi UMKM Jahit Rumahan  Melalui E-Business dan Teknologi AI (1).pptx')
 2 SYSTEMPATH\CodeIgniter.php(832): CodeIgniter\Router\Router->handle('uploads/Digitalisasi Usaha Jahit Ibu  Transformasi UMKM Jahit Rumahan  Melalui E-Business dan Teknologi AI (1).pptx')
 3 SYSTEMPATH\CodeIgniter.php(455): CodeIgniter\CodeIgniter->tryToRouteIt(Object(CodeIgniter\Router\RouteCollection))
 4 SYSTEMPATH\CodeIgniter.php(354): CodeIgniter\CodeIgniter->handleRequest(null, Object(Config\Cache), false)
 5 SYSTEMPATH\Boot.php(334): CodeIgniter\CodeIgniter->run()
 6 SYSTEMPATH\Boot.php(67): CodeIgniter\Boot::runCodeIgniter(Object(CodeIgniter\CodeIgniter))
 7 FCPATH\index.php(59): CodeIgniter\Boot::bootWeb(Object(Config\Paths))
DEBUG - 2025-07-10 16:32:13 --> Session: Class initialized using 'CodeIgniter\Session\Handlers\FileHandler' driver.
CRITICAL - 2025-07-10 16:32:14 --> CodeIgniter\HTTP\Exceptions\BadRequestException: The URI you submitted has disallowed characters: "Digitalisasi Usaha Jahit Ibu  Transformasi UMKM Jahit Rumahan  Melalui E-Business dan Teknologi AI (1).pptx"
[Method: GET, Route: uploads/Digitalisasi%20Usaha%20Jahit%20Ibu%20%20Transformasi%20UMKM%20Jahit%20Rumahan%20%20Melalui%20E-Business%20dan%20Teknologi%20AI%20%281%29.pptx]
in SYSTEMPATH\Router\Router.php on line 741.
 1 SYSTEMPATH\Router\Router.php(207): CodeIgniter\Router\Router->checkDisallowedChars('uploads/Digitalisasi Usaha Jahit Ibu  Transformasi UMKM Jahit Rumahan  Melalui E-Business dan Teknologi AI (1).pptx')
 2 SYSTEMPATH\CodeIgniter.php(832): CodeIgniter\Router\Router->handle('uploads/Digitalisasi Usaha Jahit Ibu  Transformasi UMKM Jahit Rumahan  Melalui E-Business dan Teknologi AI (1).pptx')
 3 SYSTEMPATH\CodeIgniter.php(455): CodeIgniter\CodeIgniter->tryToRouteIt(Object(CodeIgniter\Router\RouteCollection))
 4 SYSTEMPATH\CodeIgniter.php(354): CodeIgniter\CodeIgniter->handleRequest(null, Object(Config\Cache), false)
 5 SYSTEMPATH\Boot.php(334): CodeIgniter\CodeIgniter->run()
 6 SYSTEMPATH\Boot.php(67): CodeIgniter\Boot::runCodeIgniter(Object(CodeIgniter\CodeIgniter))
 7 FCPATH\index.php(59): CodeIgniter\Boot::bootWeb(Object(Config\Paths))
CRITICAL - 2025-07-10 16:32:32 --> CodeIgniter\HTTP\Exceptions\BadRequestException: The URI you submitted has disallowed characters: "Digitalisasi Usaha Jahit Ibu  Transformasi UMKM Jahit Rumahan  Melalui E-Business dan Teknologi AI (1).pptx"
[Method: GET, Route: uploads/Digitalisasi%20Usaha%20Jahit%20Ibu%20%20Transformasi%20UMKM%20Jahit%20Rumahan%20%20Melalui%20E-Business%20dan%20Teknologi%20AI%20%281%29.pptx]
in SYSTEMPATH\Router\Router.php on line 741.
 1 SYSTEMPATH\Router\Router.php(207): CodeIgniter\Router\Router->checkDisallowedChars('uploads/Digitalisasi Usaha Jahit Ibu  Transformasi UMKM Jahit Rumahan  Melalui E-Business dan Teknologi AI (1).pptx')
 2 SYSTEMPATH\CodeIgniter.php(832): CodeIgniter\Router\Router->handle('uploads/Digitalisasi Usaha Jahit Ibu  Transformasi UMKM Jahit Rumahan  Melalui E-Business dan Teknologi AI (1).pptx')
 3 SYSTEMPATH\CodeIgniter.php(455): CodeIgniter\CodeIgniter->tryToRouteIt(Object(CodeIgniter\Router\RouteCollection))
 4 SYSTEMPATH\CodeIgniter.php(354): CodeIgniter\CodeIgniter->handleRequest(null, Object(Config\Cache), false)
 5 SYSTEMPATH\Boot.php(334): CodeIgniter\CodeIgniter->run()
 6 SYSTEMPATH\Boot.php(67): CodeIgniter\Boot::runCodeIgniter(Object(CodeIgniter\CodeIgniter))
 7 FCPATH\index.php(59): CodeIgniter\Boot::bootWeb(Object(Config\Paths))
DEBUG - 2025-07-10 16:32:35 --> Session: Class initialized using 'CodeIgniter\Session\Handlers\FileHandler' driver.
CRITICAL - 2025-07-10 16:32:37 --> CodeIgniter\HTTP\Exceptions\BadRequestException: The URI you submitted has disallowed characters: "Digitalisasi Usaha Jahit Ibu  Transformasi UMKM Jahit Rumahan  Melalui E-Business dan Teknologi AI (1).pptx"
[Method: GET, Route: uploads/Digitalisasi%20Usaha%20Jahit%20Ibu%20%20Transformasi%20UMKM%20Jahit%20Rumahan%20%20Melalui%20E-Business%20dan%20Teknologi%20AI%20%281%29.pptx]
in SYSTEMPATH\Router\Router.php on line 741.
 1 SYSTEMPATH\Router\Router.php(207): CodeIgniter\Router\Router->checkDisallowedChars('uploads/Digitalisasi Usaha Jahit Ibu  Transformasi UMKM Jahit Rumahan  Melalui E-Business dan Teknologi AI (1).pptx')
 2 SYSTEMPATH\CodeIgniter.php(832): CodeIgniter\Router\Router->handle('uploads/Digitalisasi Usaha Jahit Ibu  Transformasi UMKM Jahit Rumahan  Melalui E-Business dan Teknologi AI (1).pptx')
 3 SYSTEMPATH\CodeIgniter.php(455): CodeIgniter\CodeIgniter->tryToRouteIt(Object(CodeIgniter\Router\RouteCollection))
 4 SYSTEMPATH\CodeIgniter.php(354): CodeIgniter\CodeIgniter->handleRequest(null, Object(Config\Cache), false)
 5 SYSTEMPATH\Boot.php(334): CodeIgniter\CodeIgniter->run()
 6 SYSTEMPATH\Boot.php(67): CodeIgniter\Boot::runCodeIgniter(Object(CodeIgniter\CodeIgniter))
 7 FCPATH\index.php(59): CodeIgniter\Boot::bootWeb(Object(Config\Paths))
DEBUG - 2025-07-10 16:33:21 --> Session: Class initialized using 'CodeIgniter\Session\Handlers\FileHandler' driver.
CRITICAL - 2025-07-10 16:33:23 --> CodeIgniter\HTTP\Exceptions\BadRequestException: The URI you submitted has disallowed characters: "Digitalisasi Usaha Jahit Ibu  Transformasi UMKM Jahit Rumahan  Melalui E-Business dan Teknologi AI (1).pptx"
[Method: GET, Route: uploads/Digitalisasi%20Usaha%20Jahit%20Ibu%20%20Transformasi%20UMKM%20Jahit%20Rumahan%20%20Melalui%20E-Business%20dan%20Teknologi%20AI%20%281%29.pptx]
in SYSTEMPATH\Router\Router.php on line 741.
 1 SYSTEMPATH\Router\Router.php(207): CodeIgniter\Router\Router->checkDisallowedChars('uploads/Digitalisasi Usaha Jahit Ibu  Transformasi UMKM Jahit Rumahan  Melalui E-Business dan Teknologi AI (1).pptx')
 2 SYSTEMPATH\CodeIgniter.php(832): CodeIgniter\Router\Router->handle('uploads/Digitalisasi Usaha Jahit Ibu  Transformasi UMKM Jahit Rumahan  Melalui E-Business dan Teknologi AI (1).pptx')
 3 SYSTEMPATH\CodeIgniter.php(455): CodeIgniter\CodeIgniter->tryToRouteIt(Object(CodeIgniter\Router\RouteCollection))
 4 SYSTEMPATH\CodeIgniter.php(354): CodeIgniter\CodeIgniter->handleRequest(null, Object(Config\Cache), false)
 5 SYSTEMPATH\Boot.php(334): CodeIgniter\CodeIgniter->run()
 6 SYSTEMPATH\Boot.php(67): CodeIgniter\Boot::runCodeIgniter(Object(CodeIgniter\CodeIgniter))
 7 FCPATH\index.php(59): CodeIgniter\Boot::bootWeb(Object(Config\Paths))
DEBUG - 2025-07-10 16:34:13 --> Session: Class initialized using 'CodeIgniter\Session\Handlers\FileHandler' driver.
DEBUG - 2025-07-10 16:34:14 --> Session: Class initialized using 'CodeIgniter\Session\Handlers\FileHandler' driver.
DEBUG - 2025-07-10 16:40:53 --> Session: Class initialized using 'CodeIgniter\Session\Handlers\FileHandler' driver.
CRITICAL - 2025-07-10 16:40:53 --> CodeIgniter\Exceptions\BadMethodCallException: Call to undefined method App\Models\ArtikelModel::filter
[Method: GET, Route: admin/artikel]
in SYSTEMPATH\Model.php on line 930.
 1 APPPATH\Controllers\Artikel.php(62): CodeIgniter\Model->__call('filter', [...])
 2 SYSTEMPATH\CodeIgniter.php(933): App\Controllers\Artikel->admin_index()
 3 SYSTEMPATH\CodeIgniter.php(507): CodeIgniter\CodeIgniter->runController(Object(App\Controllers\Artikel))
 4 SYSTEMPATH\CodeIgniter.php(354): CodeIgniter\CodeIgniter->handleRequest(null, Object(Config\Cache), false)
 5 SYSTEMPATH\Boot.php(334): CodeIgniter\CodeIgniter->run()
 6 SYSTEMPATH\Boot.php(67): CodeIgniter\Boot::runCodeIgniter(Object(CodeIgniter\CodeIgniter))
 7 FCPATH\index.php(59): CodeIgniter\Boot::bootWeb(Object(Config\Paths))
DEBUG - 2025-07-10 16:40:57 --> Session: Class initialized using 'CodeIgniter\Session\Handlers\FileHandler' driver.
CRITICAL - 2025-07-10 16:40:57 --> CodeIgniter\Exceptions\BadMethodCallException: Call to undefined method App\Models\ArtikelModel::filter
[Method: GET, Route: admin/artikel]
in SYSTEMPATH\Model.php on line 930.
 1 APPPATH\Controllers\Artikel.php(62): CodeIgniter\Model->__call('filter', [...])
 2 SYSTEMPATH\CodeIgniter.php(933): App\Controllers\Artikel->admin_index()
 3 SYSTEMPATH\CodeIgniter.php(507): CodeIgniter\CodeIgniter->runController(Object(App\Controllers\Artikel))
 4 SYSTEMPATH\CodeIgniter.php(354): CodeIgniter\CodeIgniter->handleRequest(null, Object(Config\Cache), false)
 5 SYSTEMPATH\Boot.php(334): CodeIgniter\CodeIgniter->run()
 6 SYSTEMPATH\Boot.php(67): CodeIgniter\Boot::runCodeIgniter(Object(CodeIgniter\CodeIgniter))
 7 FCPATH\index.php(59): CodeIgniter\Boot::bootWeb(Object(Config\Paths))
DEBUG - 2025-07-10 16:41:12 --> Session: Class initialized using 'CodeIgniter\Session\Handlers\FileHandler' driver.
DEBUG - 2025-07-10 16:43:13 --> Session: Class initialized using 'CodeIgniter\Session\Handlers\FileHandler' driver.
DEBUG - 2025-07-10 16:46:33 --> Session: Class initialized using 'CodeIgniter\Session\Handlers\FileHandler' driver.
DEBUG - 2025-07-10 16:47:38 --> Session: Class initialized using 'CodeIgniter\Session\Handlers\FileHandler' driver.
DEBUG - 2025-07-10 16:48:44 --> Session: Class initialized using 'CodeIgniter\Session\Handlers\FileHandler' driver.
DEBUG - 2025-07-10 16:48:48 --> Session: Class initialized using 'CodeIgniter\Session\Handlers\FileHandler' driver.
DEBUG - 2025-07-10 16:48:53 --> Session: Class initialized using 'CodeIgniter\Session\Handlers\FileHandler' driver.
DEBUG - 2025-07-10 16:48:56 --> Session: Class initialized using 'CodeIgniter\Session\Handlers\FileHandler' driver.
DEBUG - 2025-07-10 16:49:02 --> Session: Class initialized using 'CodeIgniter\Session\Handlers\FileHandler' driver.
DEBUG - 2025-07-10 16:49:24 --> Session: Class initialized using 'CodeIgniter\Session\Handlers\FileHandler' driver.
DEBUG - 2025-07-10 16:50:44 --> Session: Class initialized using 'CodeIgniter\Session\Handlers\FileHandler' driver.
DEBUG - 2025-07-10 16:51:10 --> Session: Class initialized using 'CodeIgniter\Session\Handlers\FileHandler' driver.
DEBUG - 2025-07-10 16:51:24 --> Session: Class initialized using 'CodeIgniter\Session\Handlers\FileHandler' driver.
DEBUG - 2025-07-10 16:51:25 --> Session: Class initialized using 'CodeIgniter\Session\Handlers\FileHandler' driver.
DEBUG - 2025-07-10 16:54:25 --> Session: Class initialized using 'CodeIgniter\Session\Handlers\FileHandler' driver.
DEBUG - 2025-07-10 16:54:32 --> Session: Class initialized using 'CodeIgniter\Session\Handlers\FileHandler' driver.
DEBUG - 2025-07-10 16:54:46 --> Session: Class initialized using 'CodeIgniter\Session\Handlers\FileHandler' driver.
DEBUG - 2025-07-10 16:54:47 --> Session: Class initialized using 'CodeIgniter\Session\Handlers\FileHandler' driver.
DEBUG - 2025-07-10 16:54:53 --> Session: Class initialized using 'CodeIgniter\Session\Handlers\FileHandler' driver.
DEBUG - 2025-07-10 16:54:54 --> Session: Class initialized using 'CodeIgniter\Session\Handlers\FileHandler' driver.
DEBUG - 2025-07-10 16:54:59 --> Session: Class initialized using 'CodeIgniter\Session\Handlers\FileHandler' driver.
DEBUG - 2025-07-10 16:56:15 --> Session: Class initialized using 'CodeIgniter\Session\Handlers\FileHandler' driver.
DEBUG - 2025-07-10 16:56:16 --> Session: Class initialized using 'CodeIgniter\Session\Handlers\FileHandler' driver.
DEBUG - 2025-07-10 16:56:21 --> Session: Class initialized using 'CodeIgniter\Session\Handlers\FileHandler' driver.
DEBUG - 2025-07-10 16:57:23 --> Session: Class initialized using 'CodeIgniter\Session\Handlers\FileHandler' driver.
DEBUG - 2025-07-10 16:57:23 --> Session: Class initialized using 'CodeIgniter\Session\Handlers\FileHandler' driver.
DEBUG - 2025-07-10 16:58:12 --> Session: Class initialized using 'CodeIgniter\Session\Handlers\FileHandler' driver.
DEBUG - 2025-07-10 16:58:56 --> Session: Class initialized using 'CodeIgniter\Session\Handlers\FileHandler' driver.
DEBUG - 2025-07-10 16:58:57 --> Session: Class initialized using 'CodeIgniter\Session\Handlers\FileHandler' driver.
DEBUG - 2025-07-10 16:59:06 --> Session: Class initialized using 'CodeIgniter\Session\Handlers\FileHandler' driver.
DEBUG - 2025-07-10 16:59:46 --> Session: Class initialized using 'CodeIgniter\Session\Handlers\FileHandler' driver.
DEBUG - 2025-07-10 16:59:48 --> Session: Class initialized using 'CodeIgniter\Session\Handlers\FileHandler' driver.
DEBUG - 2025-07-10 17:00:11 --> Session: Class initialized using 'CodeIgniter\Session\Handlers\FileHandler' driver.
DEBUG - 2025-07-10 17:01:14 --> Session: Class initialized using 'CodeIgniter\Session\Handlers\FileHandler' driver.
DEBUG - 2025-07-10 17:01:30 --> Session: Class initialized using 'CodeIgniter\Session\Handlers\FileHandler' driver.
DEBUG - 2025-07-10 17:01:35 --> Session: Class initialized using 'CodeIgniter\Session\Handlers\FileHandler' driver.
DEBUG - 2025-07-10 17:01:39 --> Session: Class initialized using 'CodeIgniter\Session\Handlers\FileHandler' driver.
DEBUG - 2025-07-10 17:09:46 --> Session: Class initialized using 'CodeIgniter\Session\Handlers\FileHandler' driver.
CRITICAL - 2025-07-10 17:09:47 --> ErrorException: include(template/header.php): Failed to open stream: No such file or directory
[Method: GET, Route: admin/artikel]
in APPPATH\Views\artikel\admin_index.php on line 1.
 1 APPPATH\Views\artikel\admin_index.php(1): CodeIgniter\Debug\Exceptions->errorHandler(2, 'include(template/header.php): Failed to open stream: No such file or directory', 'C:\\xampp\\htdocs\\lab_ci4\\ci4\\app\\Views\\artikel\\admin_index.php', 1)
 2 APPPATH\Views\artikel\admin_index.php(1): include()
 3 SYSTEMPATH\View\View.php(224): include('C:\\xampp\\htdocs\\lab_ci4\\ci4\\app\\Views\\artikel\\admin_index.php')
 4 SYSTEMPATH\View\View.php(227): CodeIgniter\View\View->CodeIgniter\View\{closure}()
 5 SYSTEMPATH\Common.php(1173): CodeIgniter\View\View->render('artikel/admin_index', [], true)
 6 APPPATH\Controllers\Artikel.php(115): view('artikel/admin_index', [...])
 7 SYSTEMPATH\CodeIgniter.php(933): App\Controllers\Artikel->admin_index()
 8 SYSTEMPATH\CodeIgniter.php(507): CodeIgniter\CodeIgniter->runController(Object(App\Controllers\Artikel))
 9 SYSTEMPATH\CodeIgniter.php(354): CodeIgniter\CodeIgniter->handleRequest(null, Object(Config\Cache), false)
10 SYSTEMPATH\Boot.php(334): CodeIgniter\CodeIgniter->run()
11 SYSTEMPATH\Boot.php(67): CodeIgniter\Boot::runCodeIgniter(Object(CodeIgniter\CodeIgniter))
12 FCPATH\index.php(59): CodeIgniter\Boot::bootWeb(Object(Config\Paths))
DEBUG - 2025-07-10 17:10:39 --> Session: Class initialized using 'CodeIgniter\Session\Handlers\FileHandler' driver.
DEBUG - 2025-07-10 17:11:27 --> Session: Class initialized using 'CodeIgniter\Session\Handlers\FileHandler' driver.
CRITICAL - 2025-07-10 17:11:27 --> ErrorException: include(template/header.php): Failed to open stream: No such file or directory
[Method: GET, Route: admin/artikel]
in APPPATH\Views\artikel\admin_index.php on line 1.
 1 APPPATH\Views\artikel\admin_index.php(1): CodeIgniter\Debug\Exceptions->errorHandler(2, 'include(template/header.php): Failed to open stream: No such file or directory', 'C:\\xampp\\htdocs\\lab_ci4\\ci4\\app\\Views\\artikel\\admin_index.php', 1)
 2 APPPATH\Views\artikel\admin_index.php(1): include()
 3 SYSTEMPATH\View\View.php(224): include('C:\\xampp\\htdocs\\lab_ci4\\ci4\\app\\Views\\artikel\\admin_index.php')
 4 SYSTEMPATH\View\View.php(227): CodeIgniter\View\View->CodeIgniter\View\{closure}()
 5 SYSTEMPATH\Common.php(1173): CodeIgniter\View\View->render('artikel/admin_index', [], true)
 6 APPPATH\Controllers\Artikel.php(115): view('artikel/admin_index', [...])
 7 SYSTEMPATH\CodeIgniter.php(933): App\Controllers\Artikel->admin_index()
 8 SYSTEMPATH\CodeIgniter.php(507): CodeIgniter\CodeIgniter->runController(Object(App\Controllers\Artikel))
 9 SYSTEMPATH\CodeIgniter.php(354): CodeIgniter\CodeIgniter->handleRequest(null, Object(Config\Cache), false)
10 SYSTEMPATH\Boot.php(334): CodeIgniter\CodeIgniter->run()
11 SYSTEMPATH\Boot.php(67): CodeIgniter\Boot::runCodeIgniter(Object(CodeIgniter\CodeIgniter))
12 FCPATH\index.php(59): CodeIgniter\Boot::bootWeb(Object(Config\Paths))
DEBUG - 2025-07-10 17:12:00 --> Session: Class initialized using 'CodeIgniter\Session\Handlers\FileHandler' driver.
CRITICAL - 2025-07-10 17:12:00 --> ErrorException: include(template/admin_header.php): Failed to open stream: No such file or directory
[Method: GET, Route: admin/artikel]
in APPPATH\Views\artikel\admin_index.php on line 1.
 1 APPPATH\Views\artikel\admin_index.php(1): CodeIgniter\Debug\Exceptions->errorHandler(2, 'include(template/admin_header.php): Failed to open stream: No such file or directory', 'C:\\xampp\\htdocs\\lab_ci4\\ci4\\app\\Views\\artikel\\admin_index.php', 1)
 2 APPPATH\Views\artikel\admin_index.php(1): include()
 3 SYSTEMPATH\View\View.php(224): include('C:\\xampp\\htdocs\\lab_ci4\\ci4\\app\\Views\\artikel\\admin_index.php')
 4 SYSTEMPATH\View\View.php(227): CodeIgniter\View\View->CodeIgniter\View\{closure}()
 5 SYSTEMPATH\Common.php(1173): CodeIgniter\View\View->render('artikel/admin_index', [], true)
 6 APPPATH\Controllers\Artikel.php(115): view('artikel/admin_index', [...])
 7 SYSTEMPATH\CodeIgniter.php(933): App\Controllers\Artikel->admin_index()
 8 SYSTEMPATH\CodeIgniter.php(507): CodeIgniter\CodeIgniter->runController(Object(App\Controllers\Artikel))
 9 SYSTEMPATH\CodeIgniter.php(354): CodeIgniter\CodeIgniter->handleRequest(null, Object(Config\Cache), false)
10 SYSTEMPATH\Boot.php(334): CodeIgniter\CodeIgniter->run()
11 SYSTEMPATH\Boot.php(67): CodeIgniter\Boot::runCodeIgniter(Object(CodeIgniter\CodeIgniter))
12 FCPATH\index.php(59): CodeIgniter\Boot::bootWeb(Object(Config\Paths))
DEBUG - 2025-07-10 17:12:26 --> Session: Class initialized using 'CodeIgniter\Session\Handlers\FileHandler' driver.
CRITICAL - 2025-07-10 17:12:27 --> ErrorException: include(template/footer.php): Failed to open stream: No such file or directory
[Method: GET, Route: admin/artikel]
in APPPATH\Views\artikel\admin_index.php on line 82.
 1 APPPATH\Views\artikel\admin_index.php(82): CodeIgniter\Debug\Exceptions->errorHandler(2, 'include(template/footer.php): Failed to open stream: No such file or directory', 'C:\\xampp\\htdocs\\lab_ci4\\ci4\\app\\Views\\artikel\\admin_index.php', 82)
 2 APPPATH\Views\artikel\admin_index.php(82): include()
 3 SYSTEMPATH\View\View.php(224): include('C:\\xampp\\htdocs\\lab_ci4\\ci4\\app\\Views\\artikel\\admin_index.php')
 4 SYSTEMPATH\View\View.php(227): CodeIgniter\View\View->CodeIgniter\View\{closure}()
 5 SYSTEMPATH\Common.php(1173): CodeIgniter\View\View->render('artikel/admin_index', [], true)
 6 APPPATH\Controllers\Artikel.php(115): view('artikel/admin_index', [...])
 7 SYSTEMPATH\CodeIgniter.php(933): App\Controllers\Artikel->admin_index()
 8 SYSTEMPATH\CodeIgniter.php(507): CodeIgniter\CodeIgniter->runController(Object(App\Controllers\Artikel))
 9 SYSTEMPATH\CodeIgniter.php(354): CodeIgniter\CodeIgniter->handleRequest(null, Object(Config\Cache), false)
10 SYSTEMPATH\Boot.php(334): CodeIgniter\CodeIgniter->run()
11 SYSTEMPATH\Boot.php(67): CodeIgniter\Boot::runCodeIgniter(Object(CodeIgniter\CodeIgniter))
12 FCPATH\index.php(59): CodeIgniter\Boot::bootWeb(Object(Config\Paths))
DEBUG - 2025-07-10 17:12:42 --> Session: Class initialized using 'CodeIgniter\Session\Handlers\FileHandler' driver.
CRITICAL - 2025-07-10 17:12:42 --> ErrorException: include(template/admin_footer.php): Failed to open stream: No such file or directory
[Method: GET, Route: admin/artikel]
in APPPATH\Views\artikel\admin_index.php on line 82.
 1 APPPATH\Views\artikel\admin_index.php(82): CodeIgniter\Debug\Exceptions->errorHandler(2, 'include(template/admin_footer.php): Failed to open stream: No such file or directory', 'C:\\xampp\\htdocs\\lab_ci4\\ci4\\app\\Views\\artikel\\admin_index.php', 82)
 2 APPPATH\Views\artikel\admin_index.php(82): include()
 3 SYSTEMPATH\View\View.php(224): include('C:\\xampp\\htdocs\\lab_ci4\\ci4\\app\\Views\\artikel\\admin_index.php')
 4 SYSTEMPATH\View\View.php(227): CodeIgniter\View\View->CodeIgniter\View\{closure}()
 5 SYSTEMPATH\Common.php(1173): CodeIgniter\View\View->render('artikel/admin_index', [], true)
 6 APPPATH\Controllers\Artikel.php(115): view('artikel/admin_index', [...])
 7 SYSTEMPATH\CodeIgniter.php(933): App\Controllers\Artikel->admin_index()
 8 SYSTEMPATH\CodeIgniter.php(507): CodeIgniter\CodeIgniter->runController(Object(App\Controllers\Artikel))
 9 SYSTEMPATH\CodeIgniter.php(354): CodeIgniter\CodeIgniter->handleRequest(null, Object(Config\Cache), false)
10 SYSTEMPATH\Boot.php(334): CodeIgniter\CodeIgniter->run()
11 SYSTEMPATH\Boot.php(67): CodeIgniter\Boot::runCodeIgniter(Object(CodeIgniter\CodeIgniter))
12 FCPATH\index.php(59): CodeIgniter\Boot::bootWeb(Object(Config\Paths))
DEBUG - 2025-07-10 17:14:10 --> Session: Class initialized using 'CodeIgniter\Session\Handlers\FileHandler' driver.
CRITICAL - 2025-07-10 17:14:10 --> ErrorException: include(template/footer.php): Failed to open stream: No such file or directory
[Method: GET, Route: admin/artikel]
in APPPATH\Views\artikel\admin_index.php on line 84.
 1 APPPATH\Views\artikel\admin_index.php(84): CodeIgniter\Debug\Exceptions->errorHandler(2, 'include(template/footer.php): Failed to open stream: No such file or directory', 'C:\\xampp\\htdocs\\lab_ci4\\ci4\\app\\Views\\artikel\\admin_index.php', 84)
 2 APPPATH\Views\artikel\admin_index.php(84): include()
 3 SYSTEMPATH\View\View.php(224): include('C:\\xampp\\htdocs\\lab_ci4\\ci4\\app\\Views\\artikel\\admin_index.php')
 4 SYSTEMPATH\View\View.php(227): CodeIgniter\View\View->CodeIgniter\View\{closure}()
 5 SYSTEMPATH\Common.php(1173): CodeIgniter\View\View->render('artikel/admin_index', [], true)
 6 APPPATH\Controllers\Artikel.php(115): view('artikel/admin_index', [...])
 7 SYSTEMPATH\CodeIgniter.php(933): App\Controllers\Artikel->admin_index()
 8 SYSTEMPATH\CodeIgniter.php(507): CodeIgniter\CodeIgniter->runController(Object(App\Controllers\Artikel))
 9 SYSTEMPATH\CodeIgniter.php(354): CodeIgniter\CodeIgniter->handleRequest(null, Object(Config\Cache), false)
10 SYSTEMPATH\Boot.php(334): CodeIgniter\CodeIgniter->run()
11 SYSTEMPATH\Boot.php(67): CodeIgniter\Boot::runCodeIgniter(Object(CodeIgniter\CodeIgniter))
12 FCPATH\index.php(59): CodeIgniter\Boot::bootWeb(Object(Config\Paths))
DEBUG - 2025-07-10 17:14:24 --> Session: Class initialized using 'CodeIgniter\Session\Handlers\FileHandler' driver.
DEBUG - 2025-07-10 17:16:14 --> Session: Class initialized using 'CodeIgniter\Session\Handlers\FileHandler' driver.
DEBUG - 2025-07-10 17:18:25 --> Session: Class initialized using 'CodeIgniter\Session\Handlers\FileHandler' driver.
DEBUG - 2025-07-10 17:19:07 --> Session: Class initialized using 'CodeIgniter\Session\Handlers\FileHandler' driver.
DEBUG - 2025-07-10 17:19:12 --> Session: Class initialized using 'CodeIgniter\Session\Handlers\FileHandler' driver.
DEBUG - 2025-07-10 17:19:22 --> Session: Class initialized using 'CodeIgniter\Session\Handlers\FileHandler' driver.
DEBUG - 2025-07-10 17:19:25 --> Session: Class initialized using 'CodeIgniter\Session\Handlers\FileHandler' driver.
DEBUG - 2025-07-10 17:19:28 --> Session: Class initialized using 'CodeIgniter\Session\Handlers\FileHandler' driver.
DEBUG - 2025-07-10 17:19:33 --> Session: Class initialized using 'CodeIgniter\Session\Handlers\FileHandler' driver.
DEBUG - 2025-07-10 17:20:28 --> Session: Class initialized using 'CodeIgniter\Session\Handlers\FileHandler' driver.
DEBUG - 2025-07-10 17:26:34 --> Session: Class initialized using 'CodeIgniter\Session\Handlers\FileHandler' driver.
DEBUG - 2025-07-10 17:26:40 --> Session: Class initialized using 'CodeIgniter\Session\Handlers\FileHandler' driver.
DEBUG - 2025-07-10 17:26:45 --> Session: Class initialized using 'CodeIgniter\Session\Handlers\FileHandler' driver.
DEBUG - 2025-07-10 17:41:45 --> Session: Class initialized using 'CodeIgniter\Session\Handlers\FileHandler' driver.
DEBUG - 2025-07-10 17:41:46 --> Session: Class initialized using 'CodeIgniter\Session\Handlers\FileHandler' driver.
DEBUG - 2025-07-10 17:41:54 --> Session: Class initialized using 'CodeIgniter\Session\Handlers\FileHandler' driver.
DEBUG - 2025-07-10 17:41:55 --> Session: Class initialized using 'CodeIgniter\Session\Handlers\FileHandler' driver.
DEBUG - 2025-07-10 17:50:53 --> Session: Class initialized using 'CodeIgniter\Session\Handlers\FileHandler' driver.
DEBUG - 2025-07-10 17:51:22 --> Session: Class initialized using 'CodeIgniter\Session\Handlers\FileHandler' driver.
DEBUG - 2025-07-10 17:52:45 --> Session: Class initialized using 'CodeIgniter\Session\Handlers\FileHandler' driver.
DEBUG - 2025-07-10 17:52:45 --> Session: Class initialized using 'CodeIgniter\Session\Handlers\FileHandler' driver.
DEBUG - 2025-07-10 17:53:17 --> Session: Class initialized using 'CodeIgniter\Session\Handlers\FileHandler' driver.
DEBUG - 2025-07-10 17:53:21 --> Session: Class initialized using 'CodeIgniter\Session\Handlers\FileHandler' driver.
DEBUG - 2025-07-10 17:53:40 --> Session: Class initialized using 'CodeIgniter\Session\Handlers\FileHandler' driver.
DEBUG - 2025-07-10 17:54:48 --> Session: Class initialized using 'CodeIgniter\Session\Handlers\FileHandler' driver.
DEBUG - 2025-07-10 17:54:52 --> Session: Class initialized using 'CodeIgniter\Session\Handlers\FileHandler' driver.
DEBUG - 2025-07-10 17:55:38 --> Session: Class initialized using 'CodeIgniter\Session\Handlers\FileHandler' driver.
DEBUG - 2025-07-10 17:56:03 --> Session: Class initialized using 'CodeIgniter\Session\Handlers\FileHandler' driver.
DEBUG - 2025-07-10 17:56:05 --> Session: Class initialized using 'CodeIgniter\Session\Handlers\FileHandler' driver.
DEBUG - 2025-07-10 17:56:30 --> Session: Class initialized using 'CodeIgniter\Session\Handlers\FileHandler' driver.
DEBUG - 2025-07-10 17:56:32 --> Session: Class initialized using 'CodeIgniter\Session\Handlers\FileHandler' driver.
DEBUG - 2025-07-10 17:56:53 --> Session: Class initialized using 'CodeIgniter\Session\Handlers\FileHandler' driver.
DEBUG - 2025-07-10 17:57:19 --> Session: Class initialized using 'CodeIgniter\Session\Handlers\FileHandler' driver.
DEBUG - 2025-07-10 17:58:29 --> Session: Class initialized using 'CodeIgniter\Session\Handlers\FileHandler' driver.
DEBUG - 2025-07-10 17:58:36 --> Session: Class initialized using 'CodeIgniter\Session\Handlers\FileHandler' driver.
DEBUG - 2025-07-10 18:00:39 --> Session: Class initialized using 'CodeIgniter\Session\Handlers\FileHandler' driver.
DEBUG - 2025-07-10 18:00:55 --> Session: Class initialized using 'CodeIgniter\Session\Handlers\FileHandler' driver.
DEBUG - 2025-07-10 18:00:57 --> Session: Class initialized using 'CodeIgniter\Session\Handlers\FileHandler' driver.
DEBUG - 2025-07-10 18:01:48 --> Session: Class initialized using 'CodeIgniter\Session\Handlers\FileHandler' driver.
DEBUG - 2025-07-10 18:01:55 --> Session: Class initialized using 'CodeIgniter\Session\Handlers\FileHandler' driver.
DEBUG - 2025-07-10 18:03:05 --> Session: Class initialized using 'CodeIgniter\Session\Handlers\FileHandler' driver.
DEBUG - 2025-07-10 18:03:15 --> Session: Class initialized using 'CodeIgniter\Session\Handlers\FileHandler' driver.
DEBUG - 2025-07-10 18:03:22 --> Session: Class initialized using 'CodeIgniter\Session\Handlers\FileHandler' driver.
DEBUG - 2025-07-10 18:04:00 --> Session: Class initialized using 'CodeIgniter\Session\Handlers\FileHandler' driver.
DEBUG - 2025-07-10 18:04:02 --> Session: Class initialized using 'CodeIgniter\Session\Handlers\FileHandler' driver.
DEBUG - 2025-07-10 18:04:39 --> Session: Class initialized using 'CodeIgniter\Session\Handlers\FileHandler' driver.
DEBUG - 2025-07-10 18:04:42 --> Session: Class initialized using 'CodeIgniter\Session\Handlers\FileHandler' driver.
DEBUG - 2025-07-10 18:08:19 --> Session: Class initialized using 'CodeIgniter\Session\Handlers\FileHandler' driver.
DEBUG - 2025-07-10 18:08:23 --> Session: Class initialized using 'CodeIgniter\Session\Handlers\FileHandler' driver.
DEBUG - 2025-07-10 18:09:12 --> Session: Class initialized using 'CodeIgniter\Session\Handlers\FileHandler' driver.
DEBUG - 2025-07-10 18:09:19 --> Session: Class initialized using 'CodeIgniter\Session\Handlers\FileHandler' driver.
DEBUG - 2025-07-10 18:09:30 --> Session: Class initialized using 'CodeIgniter\Session\Handlers\FileHandler' driver.
DEBUG - 2025-07-10 18:09:35 --> Session: Class initialized using 'CodeIgniter\Session\Handlers\FileHandler' driver.
DEBUG - 2025-07-10 18:10:20 --> Session: Class initialized using 'CodeIgniter\Session\Handlers\FileHandler' driver.
DEBUG - 2025-07-10 18:10:30 --> Session: Class initialized using 'CodeIgniter\Session\Handlers\FileHandler' driver.
DEBUG - 2025-07-10 18:10:50 --> Session: Class initialized using 'CodeIgniter\Session\Handlers\FileHandler' driver.
DEBUG - 2025-07-10 18:12:17 --> Session: Class initialized using 'CodeIgniter\Session\Handlers\FileHandler' driver.
DEBUG - 2025-07-10 18:25:43 --> Session: Class initialized using 'CodeIgniter\Session\Handlers\FileHandler' driver.
DEBUG - 2025-07-10 18:26:26 --> Session: Class initialized using 'CodeIgniter\Session\Handlers\FileHandler' driver.
DEBUG - 2025-07-10 18:26:27 --> Session: Class initialized using 'CodeIgniter\Session\Handlers\FileHandler' driver.
DEBUG - 2025-07-10 18:28:55 --> Session: Class initialized using 'CodeIgniter\Session\Handlers\FileHandler' driver.
DEBUG - 2025-07-10 18:28:57 --> Session: Class initialized using 'CodeIgniter\Session\Handlers\FileHandler' driver.
DEBUG - 2025-07-10 18:29:14 --> Session: Class initialized using 'CodeIgniter\Session\Handlers\FileHandler' driver.
DEBUG - 2025-07-10 18:29:26 --> Session: Class initialized using 'CodeIgniter\Session\Handlers\FileHandler' driver.
DEBUG - 2025-07-10 18:29:34 --> Session: Class initialized using 'CodeIgniter\Session\Handlers\FileHandler' driver.
DEBUG - 2025-07-10 18:29:42 --> Session: Class initialized using 'CodeIgniter\Session\Handlers\FileHandler' driver.
DEBUG - 2025-07-10 18:30:32 --> Session: Class initialized using 'CodeIgniter\Session\Handlers\FileHandler' driver.
DEBUG - 2025-07-10 18:30:35 --> Session: Class initialized using 'CodeIgniter\Session\Handlers\FileHandler' driver.
DEBUG - 2025-07-10 18:31:05 --> Session: Class initialized using 'CodeIgniter\Session\Handlers\FileHandler' driver.
DEBUG - 2025-07-10 18:31:07 --> Session: Class initialized using 'CodeIgniter\Session\Handlers\FileHandler' driver.
DEBUG - 2025-07-10 18:31:15 --> Session: Class initialized using 'CodeIgniter\Session\Handlers\FileHandler' driver.
DEBUG - 2025-07-10 18:31:28 --> Session: Class initialized using 'CodeIgniter\Session\Handlers\FileHandler' driver.
DEBUG - 2025-07-10 18:31:30 --> Session: Class initialized using 'CodeIgniter\Session\Handlers\FileHandler' driver.
DEBUG - 2025-07-10 18:32:36 --> Session: Class initialized using 'CodeIgniter\Session\Handlers\FileHandler' driver.
DEBUG - 2025-07-10 18:32:42 --> Session: Class initialized using 'CodeIgniter\Session\Handlers\FileHandler' driver.
DEBUG - 2025-07-10 18:32:45 --> Session: Class initialized using 'CodeIgniter\Session\Handlers\FileHandler' driver.
DEBUG - 2025-07-10 18:32:49 --> Session: Class initialized using 'CodeIgniter\Session\Handlers\FileHandler' driver.
DEBUG - 2025-07-10 18:32:51 --> Session: Class initialized using 'CodeIgniter\Session\Handlers\FileHandler' driver.
DEBUG - 2025-07-10 18:33:24 --> Session: Class initialized using 'CodeIgniter\Session\Handlers\FileHandler' driver.
DEBUG - 2025-07-10 18:33:40 --> Session: Class initialized using 'CodeIgniter\Session\Handlers\FileHandler' driver.
DEBUG - 2025-07-10 18:33:46 --> Session: Class initialized using 'CodeIgniter\Session\Handlers\FileHandler' driver.
DEBUG - 2025-07-10 18:33:50 --> Session: Class initialized using 'CodeIgniter\Session\Handlers\FileHandler' driver.
DEBUG - 2025-07-10 18:33:58 --> Session: Class initialized using 'CodeIgniter\Session\Handlers\FileHandler' driver.
DEBUG - 2025-07-10 18:34:19 --> Session: Class initialized using 'CodeIgniter\Session\Handlers\FileHandler' driver.
